2022-05-17T15:31:45.932+0400 [DEBUG] [org.gradle.launcher.daemon.bootstrap.DaemonMain] Assuming the daemon was started with following jvm opts: [--add-opens, java.base/java.util=ALL-UNNAMED, --add-opens, java.base/java.lang=ALL-UNNAMED, --add-opens, java.base/java.lang.invoke=ALL-UNNAMED, --add-opens, java.base/java.util=ALL-UNNAMED, --add-opens, java.prefs/java.util.prefs=ALL-UNNAMED, --add-opens, java.prefs/java.util.prefs=ALL-UNNAMED, --add-opens, java.base/java.nio.charset=ALL-UNNAMED, --add-opens, java.base/java.net=ALL-UNNAMED, --add-opens, java.base/java.util.concurrent.atomic=ALL-UNNAMED, -XX:MaxMetaspaceSize=256m, -XX:+HeapDumpOnOutOfMemoryError, -Xms256m, -Xmx512m, -Dfile.encoding=windows-1251, -Duser.country=RU, -Duser.language=ru, -Duser.variant]
2022-05-17T15:31:46.207+0400 [DEBUG] [org.gradle.internal.nativeintegration.services.NativeServices] Native-platform posix files integration is not available. Continuing with fallback.
2022-05-17T15:31:46.223+0400 [INFO] [org.gradle.launcher.daemon.server.Daemon] start() called on daemon - DefaultDaemonContext[uid=fd93aaa4-994f-4bc5-94e8-e74b33bd92da,javaHome=C:\Program Files\Java\jdk-16.0.2,daemonRegistryDir=D:\Learning\firstSpringProject\hibernateNewProject\daemon,pid=31264,idleTimeout=10800000,priority=NORMAL,daemonOpts=--add-opens,java.base/java.util=ALL-UNNAMED,--add-opens,java.base/java.lang=ALL-UNNAMED,--add-opens,java.base/java.lang.invoke=ALL-UNNAMED,--add-opens,java.base/java.util=ALL-UNNAMED,--add-opens,java.prefs/java.util.prefs=ALL-UNNAMED,--add-opens,java.prefs/java.util.prefs=ALL-UNNAMED,--add-opens,java.base/java.nio.charset=ALL-UNNAMED,--add-opens,java.base/java.net=ALL-UNNAMED,--add-opens,java.base/java.util.concurrent.atomic=ALL-UNNAMED,-XX:MaxMetaspaceSize=256m,-XX:+HeapDumpOnOutOfMemoryError,-Xms256m,-Xmx512m,-Dfile.encoding=windows-1251,-Duser.country=RU,-Duser.language=ru,-Duser.variant]
2022-05-17T15:31:46.422+0400 [DEBUG] [org.gradle.internal.remote.internal.inet.InetAddresses] Adding IP addresses for network interface Software Loopback Interface 1
2022-05-17T15:31:46.427+0400 [DEBUG] [org.gradle.internal.remote.internal.inet.InetAddresses] Is this a loopback interface? true
2022-05-17T15:31:46.428+0400 [DEBUG] [org.gradle.internal.remote.internal.inet.InetAddresses] Adding loopback address /127.0.0.1
2022-05-17T15:31:46.428+0400 [DEBUG] [org.gradle.internal.remote.internal.inet.InetAddresses] Adding loopback address /0:0:0:0:0:0:0:1
2022-05-17T15:31:46.429+0400 [DEBUG] [org.gradle.internal.remote.internal.inet.InetAddresses] Adding IP addresses for network interface WAN Miniport (L2TP)
2022-05-17T15:31:46.433+0400 [DEBUG] [org.gradle.internal.remote.internal.inet.InetAddresses] Is this a loopback interface? false
2022-05-17T15:31:46.433+0400 [DEBUG] [org.gradle.internal.remote.internal.inet.InetAddresses] Adding IP addresses for network interface WAN Miniport (IPv6)
2022-05-17T15:31:46.437+0400 [DEBUG] [org.gradle.internal.remote.internal.inet.InetAddresses] Is this a loopback interface? false
2022-05-17T15:31:46.437+0400 [DEBUG] [org.gradle.internal.remote.internal.inet.InetAddresses] Adding IP addresses for network interface Microsoft 6to4 Adapter
2022-05-17T15:31:46.441+0400 [DEBUG] [org.gradle.internal.remote.internal.inet.InetAddresses] Is this a loopback interface? false
2022-05-17T15:31:46.441+0400 [DEBUG] [org.gradle.internal.remote.internal.inet.InetAddresses] Adding IP addresses for network interface Microsoft Wi-Fi Direct Virtual Adapter
2022-05-17T15:31:46.444+0400 [DEBUG] [org.gradle.internal.remote.internal.inet.InetAddresses] Is this a loopback interface? false
2022-05-17T15:31:46.445+0400 [DEBUG] [org.gradle.internal.remote.internal.inet.InetAddresses] Adding remote address /fe80:0:0:0:f1f8:f70f:fc1e:c66b%wlan0
2022-05-17T15:31:46.445+0400 [DEBUG] [org.gradle.internal.remote.internal.inet.InetAddresses] Adding IP addresses for network interface Microsoft IP-HTTPS Platform Adapter
2022-05-17T15:31:46.448+0400 [DEBUG] [org.gradle.internal.remote.internal.inet.InetAddresses] Is this a loopback interface? false
2022-05-17T15:31:46.448+0400 [DEBUG] [org.gradle.internal.remote.internal.inet.InetAddresses] Adding IP addresses for network interface TAP-Windows Adapter V9
2022-05-17T15:31:46.452+0400 [DEBUG] [org.gradle.internal.remote.internal.inet.InetAddresses] Is this a loopback interface? false
2022-05-17T15:31:46.452+0400 [DEBUG] [org.gradle.internal.remote.internal.inet.InetAddresses] Adding remote address /fe80:0:0:0:5d42:cf76:20d4:c8c%net3
2022-05-17T15:31:46.453+0400 [DEBUG] [org.gradle.internal.remote.internal.inet.InetAddresses] Adding IP addresses for network interface Microsoft Wi-Fi Direct Virtual Adapter #2
2022-05-17T15:31:46.456+0400 [DEBUG] [org.gradle.internal.remote.internal.inet.InetAddresses] Is this a loopback interface? false
2022-05-17T15:31:46.456+0400 [DEBUG] [org.gradle.internal.remote.internal.inet.InetAddresses] Adding remote address /fe80:0:0:0:b5d6:249d:2140:6914%wlan1
2022-05-17T15:31:46.456+0400 [DEBUG] [org.gradle.internal.remote.internal.inet.InetAddresses] Adding IP addresses for network interface Microsoft Kernel Debug Network Adapter
2022-05-17T15:31:46.459+0400 [DEBUG] [org.gradle.internal.remote.internal.inet.InetAddresses] Is this a loopback interface? false
2022-05-17T15:31:46.459+0400 [DEBUG] [org.gradle.internal.remote.internal.inet.InetAddresses] Adding IP addresses for network interface WAN Miniport (PPTP)
2022-05-17T15:31:46.462+0400 [DEBUG] [org.gradle.internal.remote.internal.inet.InetAddresses] Is this a loopback interface? false
2022-05-17T15:31:46.463+0400 [DEBUG] [org.gradle.internal.remote.internal.inet.InetAddresses] Adding IP addresses for network interface WAN Miniport (Network Monitor)
2022-05-17T15:31:46.466+0400 [DEBUG] [org.gradle.internal.remote.internal.inet.InetAddresses] Is this a loopback interface? false
2022-05-17T15:31:46.466+0400 [DEBUG] [org.gradle.internal.remote.internal.inet.InetAddresses] Adding IP addresses for network interface Microsoft Teredo Tunneling Adapter
2022-05-17T15:31:46.470+0400 [DEBUG] [org.gradle.internal.remote.internal.inet.InetAddresses] Is this a loopback interface? false
2022-05-17T15:31:46.470+0400 [DEBUG] [org.gradle.internal.remote.internal.inet.InetAddresses] Adding IP addresses for network interface WAN Miniport (SSTP)
2022-05-17T15:31:46.473+0400 [DEBUG] [org.gradle.internal.remote.internal.inet.InetAddresses] Is this a loopback interface? false
2022-05-17T15:31:46.473+0400 [DEBUG] [org.gradle.internal.remote.internal.inet.InetAddresses] Adding IP addresses for network interface WAN Miniport (IP)
2022-05-17T15:31:46.476+0400 [DEBUG] [org.gradle.internal.remote.internal.inet.InetAddresses] Is this a loopback interface? false
2022-05-17T15:31:46.477+0400 [DEBUG] [org.gradle.internal.remote.internal.inet.InetAddresses] Adding IP addresses for network interface Bluetooth Device (Personal Area Network)
2022-05-17T15:31:46.480+0400 [DEBUG] [org.gradle.internal.remote.internal.inet.InetAddresses] Is this a loopback interface? false
2022-05-17T15:31:46.480+0400 [DEBUG] [org.gradle.internal.remote.internal.inet.InetAddresses] Adding IP addresses for network interface Intel(R) Dual Band Wireless-AC 3165
2022-05-17T15:31:46.483+0400 [DEBUG] [org.gradle.internal.remote.internal.inet.InetAddresses] Is this a loopback interface? false
2022-05-17T15:31:46.483+0400 [DEBUG] [org.gradle.internal.remote.internal.inet.InetAddresses] Adding remote address /192.168.56.171
2022-05-17T15:31:46.483+0400 [DEBUG] [org.gradle.internal.remote.internal.inet.InetAddresses] Adding remote address /fe80:0:0:0:9c40:1bae:926:b00b%wlan2
2022-05-17T15:31:46.483+0400 [DEBUG] [org.gradle.internal.remote.internal.inet.InetAddresses] Adding IP addresses for network interface Bluetooth Device (Personal Area Network) #2
2022-05-17T15:31:46.487+0400 [DEBUG] [org.gradle.internal.remote.internal.inet.InetAddresses] Is this a loopback interface? false
2022-05-17T15:31:46.487+0400 [DEBUG] [org.gradle.internal.remote.internal.inet.InetAddresses] Adding IP addresses for network interface Wintun Userspace Tunnel
2022-05-17T15:31:46.490+0400 [DEBUG] [org.gradle.internal.remote.internal.inet.InetAddresses] Is this a loopback interface? false
2022-05-17T15:31:46.532+0400 [DEBUG] [org.gradle.internal.remote.internal.inet.InetAddresses] Adding remote address /fe80:0:0:0:c016:c708:9dfe:b116%net7
2022-05-17T15:31:46.532+0400 [DEBUG] [org.gradle.internal.remote.internal.inet.InetAddresses] Adding IP addresses for network interface WAN Miniport (IKEv2)
2022-05-17T15:31:46.536+0400 [DEBUG] [org.gradle.internal.remote.internal.inet.InetAddresses] Is this a loopback interface? false
2022-05-17T15:31:46.536+0400 [DEBUG] [org.gradle.internal.remote.internal.inet.InetAddresses] Adding IP addresses for network interface Killer E2400 Gigabit Ethernet Controller
2022-05-17T15:31:46.540+0400 [DEBUG] [org.gradle.internal.remote.internal.inet.InetAddresses] Is this a loopback interface? false
2022-05-17T15:31:46.540+0400 [DEBUG] [org.gradle.internal.remote.internal.inet.InetAddresses] Adding remote address /fe80:0:0:0:4556:37d6:cf55:ea35%eth6
2022-05-17T15:31:46.540+0400 [DEBUG] [org.gradle.internal.remote.internal.inet.InetAddresses] Adding IP addresses for network interface WAN Miniport (PPPOE)
2022-05-17T15:31:46.544+0400 [DEBUG] [org.gradle.internal.remote.internal.inet.InetAddresses] Is this a loopback interface? false
2022-05-17T15:31:46.545+0400 [DEBUG] [org.gradle.internal.remote.internal.inet.InetAddresses] Adding IP addresses for network interface TAP-Windows Adapter V9-WFP Native MAC Layer LightWeight Filter-0000
2022-05-17T15:31:46.549+0400 [DEBUG] [org.gradle.internal.remote.internal.inet.InetAddresses] Is this a loopback interface? false
2022-05-17T15:31:46.549+0400 [DEBUG] [org.gradle.internal.remote.internal.inet.InetAddresses] Adding IP addresses for network interface TAP-Windows Adapter V9-QoS Packet Scheduler-0000
2022-05-17T15:31:46.553+0400 [DEBUG] [org.gradle.internal.remote.internal.inet.InetAddresses] Is this a loopback interface? false
2022-05-17T15:31:46.553+0400 [DEBUG] [org.gradle.internal.remote.internal.inet.InetAddresses] Adding IP addresses for network interface TAP-Windows Adapter V9-WFP 802.3 MAC Layer LightWeight Filter-0000
2022-05-17T15:31:46.557+0400 [DEBUG] [org.gradle.internal.remote.internal.inet.InetAddresses] Is this a loopback interface? false
2022-05-17T15:31:46.557+0400 [DEBUG] [org.gradle.internal.remote.internal.inet.InetAddresses] Adding IP addresses for network interface Killer E2400 Gigabit Ethernet Controller-WFP Native MAC Layer LightWeight Filter-0000
2022-05-17T15:31:46.560+0400 [DEBUG] [org.gradle.internal.remote.internal.inet.InetAddresses] Is this a loopback interface? false
2022-05-17T15:31:46.560+0400 [DEBUG] [org.gradle.internal.remote.internal.inet.InetAddresses] Adding IP addresses for network interface Killer E2400 Gigabit Ethernet Controller-QoS Packet Scheduler-0000
2022-05-17T15:31:46.563+0400 [DEBUG] [org.gradle.internal.remote.internal.inet.InetAddresses] Is this a loopback interface? false
2022-05-17T15:31:46.564+0400 [DEBUG] [org.gradle.internal.remote.internal.inet.InetAddresses] Adding IP addresses for network interface Killer E2400 Gigabit Ethernet Controller-WFP 802.3 MAC Layer LightWeight Filter-0000
2022-05-17T15:31:46.567+0400 [DEBUG] [org.gradle.internal.remote.internal.inet.InetAddresses] Is this a loopback interface? false
2022-05-17T15:31:46.567+0400 [DEBUG] [org.gradle.internal.remote.internal.inet.InetAddresses] Adding IP addresses for network interface Intel(R) Dual Band Wireless-AC 3165-WFP Native MAC Layer LightWeight Filter-0000
2022-05-17T15:31:46.570+0400 [DEBUG] [org.gradle.internal.remote.internal.inet.InetAddresses] Is this a loopback interface? false
2022-05-17T15:31:46.571+0400 [DEBUG] [org.gradle.internal.remote.internal.inet.InetAddresses] Adding IP addresses for network interface Intel(R) Dual Band Wireless-AC 3165-Virtual WiFi Filter Driver-0000
2022-05-17T15:31:46.574+0400 [DEBUG] [org.gradle.internal.remote.internal.inet.InetAddresses] Is this a loopback interface? false
2022-05-17T15:31:46.574+0400 [DEBUG] [org.gradle.internal.remote.internal.inet.InetAddresses] Adding IP addresses for network interface Intel(R) Dual Band Wireless-AC 3165-Native WiFi Filter Driver-0000
2022-05-17T15:31:46.577+0400 [DEBUG] [org.gradle.internal.remote.internal.inet.InetAddresses] Is this a loopback interface? false
2022-05-17T15:31:46.577+0400 [DEBUG] [org.gradle.internal.remote.internal.inet.InetAddresses] Adding IP addresses for network interface Intel(R) Dual Band Wireless-AC 3165-QoS Packet Scheduler-0000
2022-05-17T15:31:46.580+0400 [DEBUG] [org.gradle.internal.remote.internal.inet.InetAddresses] Is this a loopback interface? false
2022-05-17T15:31:46.580+0400 [DEBUG] [org.gradle.internal.remote.internal.inet.InetAddresses] Adding IP addresses for network interface Intel(R) Dual Band Wireless-AC 3165-WFP 802.3 MAC Layer LightWeight Filter-0000
2022-05-17T15:31:46.583+0400 [DEBUG] [org.gradle.internal.remote.internal.inet.InetAddresses] Is this a loopback interface? false
2022-05-17T15:31:46.583+0400 [DEBUG] [org.gradle.internal.remote.internal.inet.InetAddresses] Adding IP addresses for network interface Microsoft Wi-Fi Direct Virtual Adapter-WFP Native MAC Layer LightWeight Filter-0000
2022-05-17T15:31:46.586+0400 [DEBUG] [org.gradle.internal.remote.internal.inet.InetAddresses] Is this a loopback interface? false
2022-05-17T15:31:46.586+0400 [DEBUG] [org.gradle.internal.remote.internal.inet.InetAddresses] Adding IP addresses for network interface Microsoft Wi-Fi Direct Virtual Adapter-Native WiFi Filter Driver-0000
2022-05-17T15:31:46.589+0400 [DEBUG] [org.gradle.internal.remote.internal.inet.InetAddresses] Is this a loopback interface? false
2022-05-17T15:31:46.590+0400 [DEBUG] [org.gradle.internal.remote.internal.inet.InetAddresses] Adding IP addresses for network interface WAN Miniport (IP)-WFP Native MAC Layer LightWeight Filter-0000
2022-05-17T15:31:46.592+0400 [DEBUG] [org.gradle.internal.remote.internal.inet.InetAddresses] Is this a loopback interface? false
2022-05-17T15:31:46.593+0400 [DEBUG] [org.gradle.internal.remote.internal.inet.InetAddresses] Adding IP addresses for network interface WAN Miniport (IP)-QoS Packet Scheduler-0000
2022-05-17T15:31:46.596+0400 [DEBUG] [org.gradle.internal.remote.internal.inet.InetAddresses] Is this a loopback interface? false
2022-05-17T15:31:46.596+0400 [DEBUG] [org.gradle.internal.remote.internal.inet.InetAddresses] Adding IP addresses for network interface WAN Miniport (IPv6)-WFP Native MAC Layer LightWeight Filter-0000
2022-05-17T15:31:46.599+0400 [DEBUG] [org.gradle.internal.remote.internal.inet.InetAddresses] Is this a loopback interface? false
2022-05-17T15:31:46.599+0400 [DEBUG] [org.gradle.internal.remote.internal.inet.InetAddresses] Adding IP addresses for network interface WAN Miniport (IPv6)-QoS Packet Scheduler-0000
2022-05-17T15:31:46.603+0400 [DEBUG] [org.gradle.internal.remote.internal.inet.InetAddresses] Is this a loopback interface? false
2022-05-17T15:31:46.603+0400 [DEBUG] [org.gradle.internal.remote.internal.inet.InetAddresses] Adding IP addresses for network interface WAN Miniport (Network Monitor)-WFP Native MAC Layer LightWeight Filter-0000
2022-05-17T15:31:46.607+0400 [DEBUG] [org.gradle.internal.remote.internal.inet.InetAddresses] Is this a loopback interface? false
2022-05-17T15:31:46.607+0400 [DEBUG] [org.gradle.internal.remote.internal.inet.InetAddresses] Adding IP addresses for network interface WAN Miniport (Network Monitor)-QoS Packet Scheduler-0000
2022-05-17T15:31:46.610+0400 [DEBUG] [org.gradle.internal.remote.internal.inet.InetAddresses] Is this a loopback interface? false
2022-05-17T15:31:46.610+0400 [DEBUG] [org.gradle.internal.remote.internal.inet.InetAddresses] Adding IP addresses for network interface Microsoft Wi-Fi Direct Virtual Adapter-QoS Packet Scheduler-0000
2022-05-17T15:31:46.613+0400 [DEBUG] [org.gradle.internal.remote.internal.inet.InetAddresses] Is this a loopback interface? false
2022-05-17T15:31:46.614+0400 [DEBUG] [org.gradle.internal.remote.internal.inet.InetAddresses] Adding IP addresses for network interface Microsoft Wi-Fi Direct Virtual Adapter-WFP 802.3 MAC Layer LightWeight Filter-0000
2022-05-17T15:31:46.616+0400 [DEBUG] [org.gradle.internal.remote.internal.inet.InetAddresses] Is this a loopback interface? false
2022-05-17T15:31:46.617+0400 [DEBUG] [org.gradle.internal.remote.internal.inet.InetAddresses] Adding IP addresses for network interface Microsoft Wi-Fi Direct Virtual Adapter #2-WFP Native MAC Layer LightWeight Filter-0000
2022-05-17T15:31:46.620+0400 [DEBUG] [org.gradle.internal.remote.internal.inet.InetAddresses] Is this a loopback interface? false
2022-05-17T15:31:46.620+0400 [DEBUG] [org.gradle.internal.remote.internal.inet.InetAddresses] Adding IP addresses for network interface Microsoft Wi-Fi Direct Virtual Adapter #2-Native WiFi Filter Driver-0000
2022-05-17T15:31:46.623+0400 [DEBUG] [org.gradle.internal.remote.internal.inet.InetAddresses] Is this a loopback interface? false
2022-05-17T15:31:46.623+0400 [DEBUG] [org.gradle.internal.remote.internal.inet.InetAddresses] Adding IP addresses for network interface Microsoft Wi-Fi Direct Virtual Adapter #2-QoS Packet Scheduler-0000
2022-05-17T15:31:46.626+0400 [DEBUG] [org.gradle.internal.remote.internal.inet.InetAddresses] Is this a loopback interface? false
2022-05-17T15:31:46.627+0400 [DEBUG] [org.gradle.internal.remote.internal.inet.InetAddresses] Adding IP addresses for network interface Microsoft Wi-Fi Direct Virtual Adapter #2-WFP 802.3 MAC Layer LightWeight Filter-0000
2022-05-17T15:31:46.630+0400 [DEBUG] [org.gradle.internal.remote.internal.inet.InetAddresses] Is this a loopback interface? false
2022-05-17T15:31:46.639+0400 [DEBUG] [org.gradle.internal.remote.internal.inet.TcpIncomingConnector] Listening on [c2a6fefb-7b97-4518-9ec7-7886574fa846 port:12091, addresses:[localhost/127.0.0.1]].
2022-05-17T15:31:46.649+0400 [DEBUG] [org.gradle.launcher.daemon.server.Daemon] Daemon starting at: Tue May 17 15:31:46 SAMT 2022, with address: [c2a6fefb-7b97-4518-9ec7-7886574fa846 port:12091, addresses:[localhost/127.0.0.1]]
2022-05-17T15:31:46.649+0400 [INFO] [org.gradle.launcher.daemon.server.DaemonRegistryUpdater] Advertising the daemon address to the clients: [c2a6fefb-7b97-4518-9ec7-7886574fa846 port:12091, addresses:[localhost/127.0.0.1]]
2022-05-17T15:31:46.650+0400 [DEBUG] [org.gradle.launcher.daemon.server.DaemonRegistryUpdater] Advertised daemon context: DefaultDaemonContext[uid=fd93aaa4-994f-4bc5-94e8-e74b33bd92da,javaHome=C:\Program Files\Java\jdk-16.0.2,daemonRegistryDir=D:\Learning\firstSpringProject\hibernateNewProject\daemon,pid=31264,idleTimeout=10800000,priority=NORMAL,daemonOpts=--add-opens,java.base/java.util=ALL-UNNAMED,--add-opens,java.base/java.lang=ALL-UNNAMED,--add-opens,java.base/java.lang.invoke=ALL-UNNAMED,--add-opens,java.base/java.util=ALL-UNNAMED,--add-opens,java.prefs/java.util.prefs=ALL-UNNAMED,--add-opens,java.prefs/java.util.prefs=ALL-UNNAMED,--add-opens,java.base/java.nio.charset=ALL-UNNAMED,--add-opens,java.base/java.net=ALL-UNNAMED,--add-opens,java.base/java.util.concurrent.atomic=ALL-UNNAMED,-XX:MaxMetaspaceSize=256m,-XX:+HeapDumpOnOutOfMemoryError,-Xms256m,-Xmx512m,-Dfile.encoding=windows-1251,-Duser.country=RU,-Duser.language=ru,-Duser.variant]
2022-05-17T15:31:46.651+0400 [DEBUG] [org.gradle.launcher.daemon.registry.PersistentDaemonRegistry] Storing daemon address: [c2a6fefb-7b97-4518-9ec7-7886574fa846 port:12091, addresses:[localhost/127.0.0.1]], context: DefaultDaemonContext[uid=fd93aaa4-994f-4bc5-94e8-e74b33bd92da,javaHome=C:\Program Files\Java\jdk-16.0.2,daemonRegistryDir=D:\Learning\firstSpringProject\hibernateNewProject\daemon,pid=31264,idleTimeout=10800000,priority=NORMAL,daemonOpts=--add-opens,java.base/java.util=ALL-UNNAMED,--add-opens,java.base/java.lang=ALL-UNNAMED,--add-opens,java.base/java.lang.invoke=ALL-UNNAMED,--add-opens,java.base/java.util=ALL-UNNAMED,--add-opens,java.prefs/java.util.prefs=ALL-UNNAMED,--add-opens,java.prefs/java.util.prefs=ALL-UNNAMED,--add-opens,java.base/java.nio.charset=ALL-UNNAMED,--add-opens,java.base/java.net=ALL-UNNAMED,--add-opens,java.base/java.util.concurrent.atomic=ALL-UNNAMED,-XX:MaxMetaspaceSize=256m,-XX:+HeapDumpOnOutOfMemoryError,-Xms256m,-Xmx512m,-Dfile.encoding=windows-1251,-Duser.country=RU,-Duser.language=ru,-Duser.variant]
2022-05-17T15:31:46.666+0400 [DEBUG] [org.gradle.cache.internal.DefaultFileLockManager] Waiting to acquire exclusive lock on daemon addresses registry.
2022-05-17T15:31:46.672+0400 [DEBUG] [org.gradle.cache.internal.DefaultFileLockManager] Lock acquired on daemon addresses registry.
2022-05-17T15:31:46.679+0400 [DEBUG] [org.gradle.cache.internal.DefaultFileLockManager] Releasing lock on daemon addresses registry.
2022-05-17T15:31:46.680+0400 [LIFECYCLE] [org.gradle.launcher.daemon.server.Daemon] Daemon server started.
2022-05-17T15:31:46.681+0400 [DEBUG] [org.gradle.launcher.daemon.bootstrap.DaemonStartupCommunication] Completed writing the daemon greeting. Closing streams...
2022-05-17T15:31:46.700+0400 [DEBUG] [org.gradle.internal.remote.internal.inet.TcpIncomingConnector] Accepted connection from /127.0.0.1:12093 to /127.0.0.1:12091.
2022-05-17T15:31:46.722+0400 [DEBUG] [org.gradle.launcher.daemon.server.Daemon] stopOnExpiration() called on daemon
2022-05-17T15:31:46.723+0400 [DEBUG] [org.gradle.launcher.daemon.server.Daemon] awaitExpiration() called on daemon
2022-05-17T15:31:46.725+0400 [DEBUG] [org.gradle.launcher.daemon.server.DaemonStateCoordinator] daemon is running. Sleeping until state changes.
2022-05-17T15:31:46.824+0400 [DEBUG] [org.gradle.launcher.daemon.server.SynchronizedDispatchConnection] thread 21: received class org.gradle.launcher.daemon.protocol.Build
2022-05-17T15:31:46.825+0400 [DEBUG] [org.gradle.launcher.daemon.server.DefaultDaemonConnection] thread 21: Received non-IO message from client: Build{id=0b028af3-351d-4121-becb-a5ca138aab32, currentDir=D:\Learning\firstSpringProject\hibernateNewProject}
2022-05-17T15:31:46.825+0400 [INFO] [org.gradle.launcher.daemon.server.DefaultIncomingConnectionHandler] Received command: Build{id=0b028af3-351d-4121-becb-a5ca138aab32, currentDir=D:\Learning\firstSpringProject\hibernateNewProject}.
2022-05-17T15:31:46.825+0400 [DEBUG] [org.gradle.launcher.daemon.server.DefaultIncomingConnectionHandler] Starting executing command: Build{id=0b028af3-351d-4121-becb-a5ca138aab32, currentDir=D:\Learning\firstSpringProject\hibernateNewProject} with connection: socket connection from /127.0.0.1:12091 to /127.0.0.1:12093.
2022-05-17T15:31:46.829+0400 [DEBUG] [org.gradle.launcher.daemon.server.DaemonStateCoordinator] Command execution: started DaemonCommandExecution[command = Build{id=0b028af3-351d-4121-becb-a5ca138aab32, currentDir=D:\Learning\firstSpringProject\hibernateNewProject}, connection = DefaultDaemonConnection: socket connection from /127.0.0.1:12091 to /127.0.0.1:12093] after 0.0 minutes of idle
2022-05-17T15:31:46.829+0400 [INFO] [org.gradle.launcher.daemon.server.DaemonRegistryUpdater] Marking the daemon as busy, address: [c2a6fefb-7b97-4518-9ec7-7886574fa846 port:12091, addresses:[localhost/127.0.0.1]]
2022-05-17T15:31:46.829+0400 [DEBUG] [org.gradle.launcher.daemon.registry.PersistentDaemonRegistry] Marking busy by address: [c2a6fefb-7b97-4518-9ec7-7886574fa846 port:12091, addresses:[localhost/127.0.0.1]]
2022-05-17T15:31:46.830+0400 [DEBUG] [org.gradle.cache.internal.DefaultFileLockManager] Waiting to acquire exclusive lock on daemon addresses registry.
2022-05-17T15:31:46.830+0400 [DEBUG] [org.gradle.cache.internal.DefaultFileLockManager] Lock acquired on daemon addresses registry.
2022-05-17T15:31:46.832+0400 [DEBUG] [org.gradle.cache.internal.DefaultFileLockManager] Releasing lock on daemon addresses registry.
2022-05-17T15:31:46.833+0400 [DEBUG] [org.gradle.launcher.daemon.server.DaemonStateCoordinator] resetting idle timer
2022-05-17T15:31:46.834+0400 [DEBUG] [org.gradle.launcher.daemon.server.DaemonStateCoordinator] daemon is running. Sleeping until state changes.
2022-05-17T15:31:46.834+0400 [INFO] [org.gradle.launcher.daemon.server.exec.StartBuildOrRespondWithBusy] Daemon is about to start building Build{id=0b028af3-351d-4121-becb-a5ca138aab32, currentDir=D:\Learning\firstSpringProject\hibernateNewProject}. Dispatching build started information...
2022-05-17T15:31:46.834+0400 [DEBUG] [org.gradle.launcher.daemon.server.SynchronizedDispatchConnection] thread 23: dispatching org.gradle.launcher.daemon.protocol.BuildStarted@514f5d92
2022-05-17T15:31:46.837+0400 [DEBUG] [org.gradle.launcher.daemon.server.exec.EstablishBuildEnvironment] Configuring env variables: [configsetroot, USERDOMAIN_ROAMINGPROFILE, PROCESSOR_LEVEL, VRAY30_RT_FOR_3DSMAX2015_MAIN_x64, VRAY_OSL_PATH_3DSMAX2019, SESSIONNAME, ALLUSERSPROFILE, ADSK_3DSMAX_x64_2021, VRAY_MDL_PATH_3DSMAX2019, INTEL_DEV_REDIST, PROCESSOR_ARCHITECTURE, MIC_LD_LIBRARY_PATH, PSModulePath, ANDROID_HOME, SystemDrive, ADSK_3DSMAX_x64_2016, ADSK_3DSMAX_x64_2017, USERNAME, ADSK_3DSMAX_x64_2019, ProgramFiles(x86), ADSK_MAXDES_x64_2015, FPS_BROWSER_USER_PROFILE_STRING, VRAY4_FOR_3DSMAX2019_MAIN, PATHEXT, DriverData, ADSK_CLM_WPAD_PROXY_CHECK, KOMPAS_SDK, PyCharm Community Edition, VRAY30_RT_FOR_3DSMAX2015_PLUGINS_x64, VRAY_OSL_PATH_3DSMAX2015_x64, VRAY30_RT_FOR_3DSMAX2016_PLUGINS_x64, ProgramData, ProgramW6432, HOMEPATH, VRAY4_FOR_3DSMAX2019_PLUGINS, PROCESSOR_IDENTIFIER, VRAY30_RT_FOR_3DSMAX2017_PLUGINS_x64, ProgramFiles, PUBLIC, windir, =::, C_EM64T_REDIST11, LOCALAPPDATA, USERDOMAIN, LOGONSERVER, FPS_BROWSER_APP_PROFILE_STRING, JAVA_HOME, VRAY_OSL_PATH_3DSMAX2017_x64, VRAY30_RT_FOR_3DSMAX2017_MAIN_x64, OneDrive, APPDATA, RDGROUP_CERBER_ADDRESS, VRAY_MDL_PATH_3DSMAX2017_x64, VRAY_OSL_PATH_3DSMAX2016_x64, CommonProgramFiles, Path, OS, COMPUTERNAME, VRAY30_RT_FOR_3DSMAX2016_MAIN_x64, VRAY_SEND_FEEDBACK, ANDROID_SDK_ROOT, PROCESSOR_REVISION, CommonProgramW6432, ComSpec, TEMP, SystemRoot, CUDA_CACHE_MAXSIZE, HOMEDRIVE, VRAY_OPENCL_PLATFORMS_x64, USERPROFILE, TMP, CommonProgramFiles(x86), NUMBER_OF_PROCESSORS, IDEA_INITIAL_DIRECTORY]
2022-05-17T15:31:46.845+0400 [DEBUG] [org.gradle.launcher.daemon.server.exec.LogToClient] About to start relaying all logs to the client via the connection.
2022-05-17T15:31:46.846+0400 [INFO] [org.gradle.launcher.daemon.server.exec.LogToClient] The client will now receive all logging from the daemon (pid: 31264). The daemon log file: D:\Learning\firstSpringProject\hibernateNewProject\daemon\7.4.2\daemon-31264.out.log
2022-05-17T15:31:46.848+0400 [INFO] [org.gradle.launcher.daemon.server.exec.LogAndCheckHealth] Starting build in new daemon [memory: 512 MiB]
2022-05-17T15:31:46.877+0400 [DEBUG] [org.gradle.launcher.daemon.server.exec.ExecuteBuild] The daemon has started executing the build.
2022-05-17T15:31:46.879+0400 [DEBUG] [org.gradle.launcher.daemon.server.exec.ExecuteBuild] Executing build with daemon context: DefaultDaemonContext[uid=fd93aaa4-994f-4bc5-94e8-e74b33bd92da,javaHome=C:\Program Files\Java\jdk-16.0.2,daemonRegistryDir=D:\Learning\firstSpringProject\hibernateNewProject\daemon,pid=31264,idleTimeout=10800000,priority=NORMAL,daemonOpts=--add-opens,java.base/java.util=ALL-UNNAMED,--add-opens,java.base/java.lang=ALL-UNNAMED,--add-opens,java.base/java.lang.invoke=ALL-UNNAMED,--add-opens,java.base/java.util=ALL-UNNAMED,--add-opens,java.prefs/java.util.prefs=ALL-UNNAMED,--add-opens,java.prefs/java.util.prefs=ALL-UNNAMED,--add-opens,java.base/java.nio.charset=ALL-UNNAMED,--add-opens,java.base/java.net=ALL-UNNAMED,--add-opens,java.base/java.util.concurrent.atomic=ALL-UNNAMED,-XX:MaxMetaspaceSize=256m,-XX:+HeapDumpOnOutOfMemoryError,-Xms256m,-Xmx512m,-Dfile.encoding=windows-1251,-Duser.country=RU,-Duser.language=ru,-Duser.variant]
D:\Learning\firstSpringProject\hibernateNewProject\src\main\java\org\example\converter\BirthdayConverter.java:9: error: cannot find symbol
public class BirthdayConverter implements AttributeConverter<Birthday, Date> {
                                                             ^
  symbol: class Birthday
D:\Learning\firstSpringProject\hibernateNewProject\src\main\java\org\example\converter\BirthdayConverter.java:12: error: cannot find symbol
    public Date convertToDatabaseColumn(Birthday attribute) {
                                        ^
  symbol:   class Birthday
  location: class BirthdayConverter
D:\Learning\firstSpringProject\hibernateNewProject\src\main\java\org\example\converter\BirthdayConverter.java:20: error: cannot find symbol
    public Birthday convertToEntityAttribute(Date dbData) {
           ^
  symbol:   class Birthday
  location: class BirthdayConverter
3 errors

FAILURE: Build failed with an exception.

* What went wrong:
Execution failed for task ':compileJava'.
> Compilation failed; see the compiler error output for details.

* Try:
> Run with --stacktrace option to get the stack trace.
> Run with --info or --debug option to get more log output.
> Run with --scan to get full insights.

* Get more help at https://help.gradle.org

Deprecated Gradle features were used in this build, making it incompatible with Gradle 8.0.

You can use '--warning-mode all' to show the individual deprecation warnings and determine if they come from your own scripts or plugins.

See https://docs.gradle.org/7.4.2/userguide/command_line_interface.html#sec:command_line_warnings

BUILD FAILED in 30s
1 actionable task: 1 executed
2022-05-17T15:32:11.152+0400 [DEBUG] [org.gradle.launcher.daemon.server.exec.ExecuteBuild] The daemon has finished executing the build.
2022-05-17T15:32:11.159+0400 [DEBUG] [org.gradle.launcher.daemon.server.DaemonStateCoordinator] Command execution: finished waiting for DaemonCommandExecution[command = Build{id=0b028af3-351d-4121-becb-a5ca138aab32, currentDir=D:\Learning\firstSpringProject\hibernateNewProject}, connection = DefaultDaemonConnection: socket connection from /127.0.0.1:12091 to /127.0.0.1:12093]. Result org.gradle.launcher.daemon.server.DaemonStateCoordinator@294e47f with state Busy
2022-05-17T15:32:11.160+0400 [DEBUG] [org.gradle.launcher.daemon.server.DaemonStateCoordinator] Command execution: completed DaemonCommandExecution[command = Build{id=0b028af3-351d-4121-becb-a5ca138aab32, currentDir=D:\Learning\firstSpringProject\hibernateNewProject}, connection = DefaultDaemonConnection: socket connection from /127.0.0.1:12091 to /127.0.0.1:12093]
2022-05-17T15:32:11.160+0400 [DEBUG] [org.gradle.launcher.daemon.server.DaemonStateCoordinator] resetting idle timer
2022-05-17T15:32:11.160+0400 [INFO] [org.gradle.launcher.daemon.server.DaemonRegistryUpdater] Marking the daemon as idle, address: [c2a6fefb-7b97-4518-9ec7-7886574fa846 port:12091, addresses:[localhost/127.0.0.1]]
2022-05-17T15:32:11.160+0400 [DEBUG] [org.gradle.launcher.daemon.registry.PersistentDaemonRegistry] Marking busy by address: [c2a6fefb-7b97-4518-9ec7-7886574fa846 port:12091, addresses:[localhost/127.0.0.1]]
2022-05-17T15:32:11.161+0400 [DEBUG] [org.gradle.cache.internal.DefaultFileLockManager] Waiting to acquire exclusive lock on daemon addresses registry.
2022-05-17T15:32:11.163+0400 [DEBUG] [org.gradle.cache.internal.DefaultFileLockManager] Lock acquired on daemon addresses registry.
2022-05-17T15:32:11.166+0400 [DEBUG] [org.gradle.cache.internal.DefaultFileLockManager] Releasing lock on daemon addresses registry.
2022-05-17T15:32:11.168+0400 [DEBUG] [org.gradle.launcher.daemon.server.DaemonStateCoordinator] daemon is running. Sleeping until state changes.
2022-05-17T15:32:11.168+0400 [DEBUG] [org.gradle.launcher.daemon.server.exec.ReturnResult] Daemon is dispatching the build result: Success[value=org.gradle.launcher.exec.BuildActionResult@604cda2f]
2022-05-17T15:32:11.168+0400 [DEBUG] [org.gradle.launcher.daemon.server.SynchronizedDispatchConnection] thread 20: dispatching Success[value=org.gradle.launcher.exec.BuildActionResult@604cda2f]
2022-05-17T15:32:11.288+0400 [DEBUG] [org.gradle.launcher.daemon.server.SynchronizedDispatchConnection] thread 21: received class org.gradle.launcher.daemon.protocol.CloseInput
2022-05-17T15:32:11.288+0400 [DEBUG] [org.gradle.launcher.daemon.server.DefaultDaemonConnection] thread 21: Received IO message from client: org.gradle.launcher.daemon.protocol.CloseInput@2d7be05
2022-05-17T15:32:11.288+0400 [DEBUG] [org.gradle.launcher.daemon.server.SynchronizedDispatchConnection] thread 21: received class org.gradle.launcher.daemon.protocol.Finished
2022-05-17T15:32:11.288+0400 [DEBUG] [org.gradle.launcher.daemon.server.DefaultDaemonConnection] thread 21: Received non-IO message from client: org.gradle.launcher.daemon.protocol.Finished@1fa867f8
2022-05-17T15:32:11.289+0400 [DEBUG] [org.gradle.internal.remote.internal.inet.SocketConnection] Discarding EOFException: java.io.EOFException
2022-05-17T15:32:11.289+0400 [DEBUG] [org.gradle.launcher.daemon.server.SynchronizedDispatchConnection] thread 21: received null
2022-05-17T15:32:11.289+0400 [DEBUG] [org.gradle.launcher.daemon.server.DefaultDaemonConnection] thread 21: Received end-of-input from client.
2022-05-17T15:32:11.293+0400 [DEBUG] [org.gradle.launcher.daemon.server.DefaultIncomingConnectionHandler] Finishing executing command: Build{id=0b028af3-351d-4121-becb-a5ca138aab32, currentDir=D:\Learning\firstSpringProject\hibernateNewProject}
2022-05-17T15:32:11.293+0400 [DEBUG] [org.gradle.launcher.daemon.server.DefaultIncomingConnectionHandler] Received finished message: null
2022-05-17T15:32:11.294+0400 [DEBUG] [org.gradle.launcher.daemon.server.SynchronizedDispatchConnection] thread 20: stopping connection
2022-05-17T15:32:11.335+0400 [DEBUG] [org.gradle.launcher.daemon.server.SynchronizedDispatchConnection] thread 20: stopping connection
2022-05-17T15:32:14.388+0400 [DEBUG] [org.gradle.process.internal.health.memory.DefaultMemoryManager] 845922304 memory requested, 438411264 free
2022-05-17T15:32:14.389+0400 [DEBUG] [org.gradle.workers.internal.WorkerDaemonExpiration] Will attempt to release 806 of memory
2022-05-17T15:32:14.389+0400 [DEBUG] [org.gradle.process.internal.health.memory.DefaultMemoryManager] 845922304 memory requested, 0 released, 438411264 free
2022-05-17T15:32:16.748+0400 [DEBUG] [org.gradle.cache.internal.DefaultFileLockManager] Waiting to acquire shared lock on daemon addresses registry.
2022-05-17T15:32:16.748+0400 [DEBUG] [org.gradle.cache.internal.DefaultFileLockManager] Lock acquired on daemon addresses registry.
2022-05-17T15:32:16.750+0400 [DEBUG] [org.gradle.cache.internal.DefaultFileLockManager] Releasing lock on daemon addresses registry.
2022-05-17T15:32:16.755+0400 [DEBUG] [org.gradle.cache.internal.DefaultFileLockManager] Waiting to acquire shared lock on daemon addresses registry.
2022-05-17T15:32:16.755+0400 [DEBUG] [org.gradle.cache.internal.DefaultFileLockManager] Lock acquired on daemon addresses registry.
2022-05-17T15:32:16.757+0400 [DEBUG] [org.gradle.cache.internal.DefaultFileLockManager] Releasing lock on daemon addresses registry.
2022-05-17T15:32:19.398+0400 [DEBUG] [org.gradle.process.internal.health.memory.DefaultMemoryManager] 845922304 memory requested, 510644224 free
2022-05-17T15:32:19.398+0400 [DEBUG] [org.gradle.workers.internal.WorkerDaemonExpiration] Will attempt to release 806 of memory
2022-05-17T15:32:19.399+0400 [DEBUG] [org.gradle.process.internal.health.memory.DefaultMemoryManager] 845922304 memory requested, 0 released, 510644224 free
2022-05-17T15:32:24.402+0400 [DEBUG] [org.gradle.process.internal.health.memory.DefaultMemoryManager] 845922304 memory requested, 515678208 free
2022-05-17T15:32:24.402+0400 [DEBUG] [org.gradle.workers.internal.WorkerDaemonExpiration] Will attempt to release 806 of memory
2022-05-17T15:32:24.402+0400 [DEBUG] [org.gradle.process.internal.health.memory.DefaultMemoryManager] 845922304 memory requested, 0 released, 515678208 free
2022-05-17T15:32:26.724+0400 [DEBUG] [org.gradle.cache.internal.DefaultFileLockManager] Waiting to acquire shared lock on daemon addresses registry.
2022-05-17T15:32:26.725+0400 [DEBUG] [org.gradle.cache.internal.DefaultFileLockManager] Lock acquired on daemon addresses registry.
2022-05-17T15:32:26.727+0400 [DEBUG] [org.gradle.cache.internal.DefaultFileLockManager] Releasing lock on daemon addresses registry.
2022-05-17T15:32:26.732+0400 [DEBUG] [org.gradle.cache.internal.DefaultFileLockManager] Waiting to acquire shared lock on daemon addresses registry.
2022-05-17T15:32:26.732+0400 [DEBUG] [org.gradle.cache.internal.DefaultFileLockManager] Lock acquired on daemon addresses registry.
2022-05-17T15:32:26.734+0400 [DEBUG] [org.gradle.cache.internal.DefaultFileLockManager] Releasing lock on daemon addresses registry.
2022-05-17T15:32:26.736+0400 [DEBUG] [org.gradle.cache.internal.DefaultFileLockManager] Waiting to acquire shared lock on daemon addresses registry.
2022-05-17T15:32:26.736+0400 [DEBUG] [org.gradle.cache.internal.DefaultFileLockManager] Lock acquired on daemon addresses registry.
2022-05-17T15:32:26.738+0400 [DEBUG] [org.gradle.cache.internal.DefaultFileLockManager] Releasing lock on daemon addresses registry.
2022-05-17T15:32:26.739+0400 [DEBUG] [org.gradle.launcher.daemon.server.health.LowMemoryDaemonExpirationStrategy] Nearing low memory threshold - OS memory {Total: 8459223040, Free: 515678208}
2022-05-17T15:32:26.740+0400 [DEBUG] [org.gradle.cache.internal.DefaultFileLockManager] Waiting to acquire shared lock on daemon addresses registry.
2022-05-17T15:32:26.741+0400 [DEBUG] [org.gradle.cache.internal.DefaultFileLockManager] Lock acquired on daemon addresses registry.
2022-05-17T15:32:26.742+0400 [DEBUG] [org.gradle.cache.internal.DefaultFileLockManager] Releasing lock on daemon addresses registry.
2022-05-17T15:32:26.743+0400 [DEBUG] [org.gradle.launcher.daemon.server.DaemonRegistryUpdater] Storing daemon stop event: other compatible daemons were started and after being idle for 0 minutes and not recently used
2022-05-17T15:32:26.744+0400 [DEBUG] [org.gradle.launcher.daemon.registry.PersistentDaemonRegistry] Storing daemon stop event with timestamp 1652787146744
2022-05-17T15:32:26.746+0400 [DEBUG] [org.gradle.cache.internal.DefaultFileLockManager] Waiting to acquire exclusive lock on daemon addresses registry.
2022-05-17T15:32:26.748+0400 [DEBUG] [org.gradle.cache.internal.DefaultFileLockManager] Lock acquired on daemon addresses registry.
2022-05-17T15:32:26.753+0400 [DEBUG] [org.gradle.cache.internal.DefaultFileLockManager] Releasing lock on daemon addresses registry.
2022-05-17T15:32:26.754+0400 [LIFECYCLE] [org.gradle.launcher.daemon.server.DaemonStateCoordinator] Daemon will be stopped at the end of the build other compatible daemons were started and after being idle for 0 minutes and not recently used
2022-05-17T15:32:26.755+0400 [DEBUG] [org.gradle.launcher.daemon.server.DaemonStateCoordinator] Marking daemon stopped due to other compatible daemons were started and after being idle for 0 minutes and not recently used. The daemon is running a build: false
2022-05-17T15:32:26.755+0400 [DEBUG] [org.gradle.launcher.daemon.server.DaemonStateCoordinator] daemon has stopped.
2022-05-17T15:32:26.755+0400 [DEBUG] [org.gradle.launcher.daemon.server.Daemon] stop() called on daemon
2022-05-17T15:32:26.756+0400 [INFO] [org.gradle.launcher.daemon.server.Daemon] Stop requested. Daemon is removing its presence from the registry...
2022-05-17T15:32:26.756+0400 [DEBUG] [org.gradle.launcher.daemon.server.DaemonRegistryUpdater] Removing our presence to clients, eg. removing this address from the registry: [c2a6fefb-7b97-4518-9ec7-7886574fa846 port:12091, addresses:[localhost/127.0.0.1]]
2022-05-17T15:32:26.757+0400 [DEBUG] [org.gradle.launcher.daemon.registry.PersistentDaemonRegistry] Removing daemon address: [c2a6fefb-7b97-4518-9ec7-7886574fa846 port:12091, addresses:[localhost/127.0.0.1]]
2022-05-17T15:32:26.770+0400 [DEBUG] [org.gradle.cache.internal.DefaultFileLockManager] Waiting to acquire exclusive lock on daemon addresses registry.
2022-05-17T15:32:26.771+0400 [DEBUG] [org.gradle.cache.internal.DefaultFileLockManager] Lock acquired on daemon addresses registry.
2022-05-17T15:32:26.773+0400 [DEBUG] [org.gradle.cache.internal.DefaultFileLockManager] Releasing lock on daemon addresses registry.
2022-05-17T15:32:26.773+0400 [DEBUG] [org.gradle.launcher.daemon.server.DaemonRegistryUpdater] Address removed from registry.
2022-05-17T15:32:26.775+0400 [DEBUG] [org.gradle.cache.internal.LockOnDemandCrossProcessCacheAccess] Releasing file lock for jars (D:\Learning\firstSpringProject\hibernateNewProject\caches\jars-9)
2022-05-17T15:32:26.775+0400 [DEBUG] [org.gradle.cache.internal.DefaultFileLockManager] Releasing lock on jars (D:\Learning\firstSpringProject\hibernateNewProject\caches\jars-9).
2022-05-17T15:32:26.852+0400 [DEBUG] [org.gradle.cache.internal.DefaultPersistentDirectoryStore] jars (D:\Learning\firstSpringProject\hibernateNewProject\caches\jars-9) has last been fully cleaned up 26 hours ago
2022-05-17T15:32:26.866+0400 [INFO] [org.gradle.cache.internal.AbstractCacheCleanup] jars (D:\Learning\firstSpringProject\hibernateNewProject\caches\jars-9) cleanup deleted 0 files/directories.
2022-05-17T15:32:26.867+0400 [INFO] [org.gradle.cache.internal.LeastRecentlyUsedCacheCleanup] jars (D:\Learning\firstSpringProject\hibernateNewProject\caches\jars-9) removing files not accessed on or after Tue May 10 15:31:48 SAMT 2022.
2022-05-17T15:32:26.869+0400 [DEBUG] [org.gradle.cache.internal.LockOnDemandCrossProcessCacheAccess] Acquiring file lock for journal cache (D:\Learning\firstSpringProject\hibernateNewProject\caches\journal-1)
2022-05-17T15:32:26.883+0400 [DEBUG] [org.gradle.cache.internal.DefaultFileLockManager] Waiting to acquire exclusive lock on journal cache (D:\Learning\firstSpringProject\hibernateNewProject\caches\journal-1).
2022-05-17T15:32:26.884+0400 [DEBUG] [org.gradle.cache.internal.DefaultFileLockManager] The file lock for journal cache (D:\Learning\firstSpringProject\hibernateNewProject\caches\journal-1) is held by a different Gradle process (pid: 20720, lockId: 2840867059684256647). Pinged owner at port 50149
2022-05-17T15:32:26.884+0400 [DEBUG] [org.gradle.cache.internal.locklistener.DefaultFileLockContentionHandler] Gradle process at port 50149 confirmed unlock request for lock with id 2840867059684256647.
2022-05-17T15:32:26.885+0400 [DEBUG] [org.gradle.cache.internal.locklistener.DefaultFileLockContentionHandler] Gradle process at port 50149 confirmed unlock request for lock with id 2840867059684256647.
2022-05-17T15:32:26.888+0400 [DEBUG] [org.gradle.cache.internal.locklistener.DefaultFileLockContentionHandler] Gradle process at port 50149 confirmed lock release for lock with id 2840867059684256647.
2022-05-17T15:32:26.888+0400 [DEBUG] [org.gradle.cache.internal.locklistener.DefaultFileLockContentionHandler] Triggering lock release signal for lock with id 2840867059684256647.
2022-05-17T15:32:26.889+0400 [DEBUG] [org.gradle.cache.internal.locklistener.DefaultFileLockContentionHandler] Gradle process at port 50149 confirmed lock release for lock with id 2840867059684256647.
2022-05-17T15:32:26.889+0400 [DEBUG] [org.gradle.cache.internal.locklistener.DefaultFileLockContentionHandler] Triggering lock release signal for lock with id 2840867059684256647.
2022-05-17T15:32:26.890+0400 [DEBUG] [org.gradle.cache.internal.DefaultFileLockManager] Lock acquired on journal cache (D:\Learning\firstSpringProject\hibernateNewProject\caches\journal-1).
2022-05-17T15:32:26.890+0400 [INFO] [org.gradle.cache.internal.InMemoryDecoratedCache] Invalidating in-memory cache of D:\Learning\firstSpringProject\hibernateNewProject\caches\journal-1\file-access.bin
2022-05-17T15:32:26.891+0400 [DEBUG] [org.gradle.cache.internal.btree.BTreePersistentIndexedCache] Opening cache file-access.bin (D:\Learning\firstSpringProject\hibernateNewProject\caches\journal-1\file-access.bin)
2022-05-17T15:32:27.045+0400 [INFO] [org.gradle.cache.internal.AbstractCacheCleanup] jars (D:\Learning\firstSpringProject\hibernateNewProject\caches\jars-9) cleanup deleted 3 files/directories.
2022-05-17T15:32:27.046+0400 [INFO] [org.gradle.cache.internal.DefaultPersistentDirectoryStore] jars (D:\Learning\firstSpringProject\hibernateNewProject\caches\jars-9) cleaned up in 0.193 secs.
2022-05-17T15:32:27.047+0400 [DEBUG] [org.gradle.cache.internal.DefaultCacheAccess] Cache jars (D:\Learning\firstSpringProject\hibernateNewProject\caches\jars-9) was closed 7 times.
2022-05-17T15:32:27.047+0400 [DEBUG] [org.gradle.cache.internal.DefaultPersistentDirectoryStore] Artifact transforms cache (D:\Learning\firstSpringProject\hibernateNewProject\caches\transforms-3) has last been fully cleaned up 26 hours ago
2022-05-17T15:32:27.047+0400 [INFO] [org.gradle.cache.internal.LeastRecentlyUsedCacheCleanup] Artifact transforms cache (D:\Learning\firstSpringProject\hibernateNewProject\caches\transforms-3) removing files not accessed on or after Tue May 10 15:31:51 SAMT 2022.
2022-05-17T15:32:27.048+0400 [INFO] [org.gradle.cache.internal.AbstractCacheCleanup] Artifact transforms cache (D:\Learning\firstSpringProject\hibernateNewProject\caches\transforms-3) cleanup deleted 0 files/directories.
2022-05-17T15:32:27.049+0400 [INFO] [org.gradle.cache.internal.DefaultPersistentDirectoryStore] Artifact transforms cache (D:\Learning\firstSpringProject\hibernateNewProject\caches\transforms-3) cleaned up in 0.001 secs.
2022-05-17T15:32:27.049+0400 [DEBUG] [org.gradle.cache.internal.DefaultCacheAccess] Cache Artifact transforms cache (D:\Learning\firstSpringProject\hibernateNewProject\caches\transforms-3) was closed 0 times.
2022-05-17T15:32:27.050+0400 [DEBUG] [org.gradle.cache.internal.DefaultCacheAccess] Cache file content cache (D:\Learning\firstSpringProject\hibernateNewProject\caches\7.4.2\fileContent) was closed 2 times.
2022-05-17T15:32:27.050+0400 [DEBUG] [org.gradle.internal.watch.vfs.impl.WatchingVirtualFileSystem] Closing VFS, dropping state
2022-05-17T15:32:27.052+0400 [DEBUG] [org.gradle.cache.internal.LockOnDemandCrossProcessCacheAccess] Releasing file lock for artifact cache (D:\Learning\firstSpringProject\hibernateNewProject\caches\modules-2)
2022-05-17T15:32:27.052+0400 [DEBUG] [org.gradle.internal.watch.registry.impl.DefaultFileWatcherRegistry] Finished listening to file system change events
2022-05-17T15:32:27.052+0400 [DEBUG] [org.gradle.cache.internal.DefaultFileLockManager] Releasing lock on artifact cache (D:\Learning\firstSpringProject\hibernateNewProject\caches\modules-2).
2022-05-17T15:32:27.053+0400 [DEBUG] [org.gradle.cache.internal.DefaultPersistentDirectoryStore] artifact cache (D:\Learning\firstSpringProject\hibernateNewProject\caches\modules-2) has last been fully cleaned up 26 hours ago
2022-05-17T15:32:27.054+0400 [INFO] [org.gradle.cache.internal.AbstractCacheCleanup] artifact cache (D:\Learning\firstSpringProject\hibernateNewProject\caches\modules-2) cleanup deleted 0 files/directories.
2022-05-17T15:32:27.056+0400 [INFO] [org.gradle.cache.internal.AbstractCacheCleanup] artifact cache (D:\Learning\firstSpringProject\hibernateNewProject\caches\modules-2) [subdir: D:\Learning\firstSpringProject\hibernateNewProject\caches\modules-2\resources-2.1] cleanup deleted 0 files/directories.
2022-05-17T15:32:27.056+0400 [INFO] [org.gradle.cache.internal.LeastRecentlyUsedCacheCleanup] artifact cache (D:\Learning\firstSpringProject\hibernateNewProject\caches\modules-2) [subdir: D:\Learning\firstSpringProject\hibernateNewProject\caches\modules-2\resources-2.1] removing files not accessed on or after Sun Apr 17 15:32:02 SAMT 2022.
2022-05-17T15:32:27.056+0400 [INFO] [org.gradle.cache.internal.AbstractCacheCleanup] artifact cache (D:\Learning\firstSpringProject\hibernateNewProject\caches\modules-2) [subdir: D:\Learning\firstSpringProject\hibernateNewProject\caches\modules-2\resources-2.1] cleanup deleted 0 files/directories.
2022-05-17T15:32:27.057+0400 [INFO] [org.gradle.cache.internal.AbstractCacheCleanup] artifact cache (D:\Learning\firstSpringProject\hibernateNewProject\caches\modules-2) [subdir: D:\Learning\firstSpringProject\hibernateNewProject\caches\modules-2\files-2.1] cleanup deleted 0 files/directories.
2022-05-17T15:32:27.057+0400 [INFO] [org.gradle.cache.internal.LeastRecentlyUsedCacheCleanup] artifact cache (D:\Learning\firstSpringProject\hibernateNewProject\caches\modules-2) [subdir: D:\Learning\firstSpringProject\hibernateNewProject\caches\modules-2\files-2.1] removing files not accessed on or after Sun Apr 17 15:32:02 SAMT 2022.
2022-05-17T15:32:27.153+0400 [INFO] [org.gradle.cache.internal.AbstractCacheCleanup] artifact cache (D:\Learning\firstSpringProject\hibernateNewProject\caches\modules-2) [subdir: D:\Learning\firstSpringProject\hibernateNewProject\caches\modules-2\files-2.1] cleanup deleted 0 files/directories.
2022-05-17T15:32:27.154+0400 [INFO] [org.gradle.cache.internal.AbstractCacheCleanup] artifact cache (D:\Learning\firstSpringProject\hibernateNewProject\caches\modules-2) [subdir: D:\Learning\firstSpringProject\hibernateNewProject\caches\modules-2\metadata-2.97] cleanup deleted 0 files/directories.
2022-05-17T15:32:27.155+0400 [INFO] [org.gradle.cache.internal.DefaultPersistentDirectoryStore] artifact cache (D:\Learning\firstSpringProject\hibernateNewProject\caches\modules-2) cleaned up in 0.1 secs.
2022-05-17T15:32:27.155+0400 [DEBUG] [org.gradle.cache.internal.DefaultCacheAccess] Cache artifact cache (D:\Learning\firstSpringProject\hibernateNewProject\caches\modules-2) was closed 13 times.
2022-05-17T15:32:27.156+0400 [DEBUG] [org.gradle.cache.internal.LockOnDemandCrossProcessCacheAccess] Releasing file lock for journal cache (D:\Learning\firstSpringProject\hibernateNewProject\caches\journal-1)
2022-05-17T15:32:27.156+0400 [DEBUG] [org.gradle.cache.internal.btree.BTreePersistentIndexedCache] Closing cache file-access.bin (D:\Learning\firstSpringProject\hibernateNewProject\caches\journal-1\file-access.bin)
2022-05-17T15:32:27.157+0400 [DEBUG] [org.gradle.cache.internal.DefaultFileLockManager] Releasing lock on journal cache (D:\Learning\firstSpringProject\hibernateNewProject\caches\journal-1).
2022-05-17T15:32:27.157+0400 [DEBUG] [org.gradle.cache.internal.DefaultCacheAccess] Cache journal cache (D:\Learning\firstSpringProject\hibernateNewProject\caches\journal-1) was closed 8 times.
2022-05-17T15:32:27.158+0400 [DEBUG] [org.gradle.cache.internal.DefaultCacheAccess] Cache file hash cache (D:\Learning\firstSpringProject\hibernateNewProject\caches\7.4.2\fileHashes) was closed 5 times.
2022-05-17T15:32:27.158+0400 [DEBUG] [org.gradle.cache.internal.DefaultCacheAccess] Cache Generated Gradle JARs cache (D:\Learning\firstSpringProject\hibernateNewProject\caches\7.4.2\generated-gradle-jars) was closed 0 times.
2022-05-17T15:32:27.159+0400 [DEBUG] [org.gradle.cache.internal.LockOnDemandCrossProcessCacheAccess] Releasing file lock for execution history cache (D:\Learning\firstSpringProject\hibernateNewProject\caches\7.4.2\executionHistory)
2022-05-17T15:32:27.159+0400 [DEBUG] [org.gradle.cache.internal.DefaultFileLockManager] Releasing lock on execution history cache (D:\Learning\firstSpringProject\hibernateNewProject\caches\7.4.2\executionHistory).
2022-05-17T15:32:27.166+0400 [DEBUG] [org.gradle.cache.internal.VersionSpecificCacheCleanupAction] Processed version-specific caches at D:\Learning\firstSpringProject\hibernateNewProject\caches for cleanup in 0.005 secs
Daemon vm is shutting down... The daemon has exited normally or was terminated in response to a user interrupt.
2022-05-17T15:32:27.171+0400 [DEBUG] [org.gradle.launcher.daemon.registry.PersistentDaemonRegistry] Removing daemon address: [c2a6fefb-7b97-4518-9ec7-7886574fa846 port:12091, addresses:[localhost/127.0.0.1]]
2022-05-17T15:32:27.172+0400 [DEBUG] [org.gradle.cache.internal.DefaultFileLockManager] Waiting to acquire exclusive lock on daemon addresses registry.
2022-05-17T15:32:27.173+0400 [DEBUG] [org.gradle.cache.internal.DefaultFileLockManager] Lock acquired on daemon addresses registry.
2022-05-17T15:32:27.175+0400 [DEBUG] [org.gradle.cache.internal.DefaultFileLockManager] Releasing lock on daemon addresses registry.
